
> instructor-system-v2@0.1.0 build
> next build

   ▲ Next.js 15.5.5
   - Environments: .env.local

   Creating an optimized production build ...
 ✓ Compiled successfully in 3.3s
   Linting and checking validity of types ...
Failed to compile.

./src/app/loads/page.tsx:35:9
Type error: 'createLoad' is declared but its value is never read.

[0m [90m 33 |[39m   [36mconst[39m { data[33m:[39m instructors } [33m=[39m useActiveInstructors()
 [90m 34 |[39m   [36mconst[39m { data[33m:[39m assignments } [33m=[39m useAssignments()
[31m[1m>[22m[39m[90m 35 |[39m   [36mconst[39m { create[33m:[39m createLoad } [33m=[39m useCreateLoad()
 [90m    |[39m         [31m[1m^[22m[39m
 [90m 36 |[39m   [36mconst[39m { update[33m:[39m updateLoad } [33m=[39m useUpdateLoad()
 [90m 37 |[39m   useDeleteLoad()
 [90m 38 |[39m   [36mconst[39m { data[33m:[39m groups } [33m=[39m useGroups()[0m
Next.js build worker exited with code: 1 and signal: null

> instructor-system-v2@0.1.0 build
> next build

   ▲ Next.js 15.5.5
   - Environments: .env.local

   Creating an optimized production build ...
 ✓ Compiled successfully in 3.2s
   Linting and checking validity of types ...
Failed to compile.

./src/components/LoadBuilderCard.tsx:63:9
Type error: 'addAction' is declared but its value is never read.

[0m [90m 61 |[39m   [36mconst[39m { data[33m:[39m groups } [33m=[39m useGroups()
 [90m 62 |[39m   [36mconst[39m toast [33m=[39m useToast()
[31m[1m>[22m[39m[90m 63 |[39m   [36mconst[39m { addAction } [33m=[39m useActionHistory()
 [90m    |[39m         [31m[1m^[22m[39m
 [90m 64 |[39m
 [90m 65 |[39m   [90m// ==================== STATE ====================[39m
 [90m 66 |[39m   [36mconst[39m [dragOver[33m,[39m setDragOver] [33m=[39m useState([36mfalse[39m)[0m
Next.js build worker exited with code: 1 and signal: null

> instructor-system-v2@0.1.0 build
> next build

   ▲ Next.js 15.5.5
   - Environments: .env.local

   Creating an optimized production build ...
 ✓ Compiled successfully in 2.9s
   Linting and checking validity of types ...
Failed to compile.

./src/components/LoadBuilderCard.tsx:89:54
Type error: 'loadId' is declared but its value is never read.

[0m [90m 87 |[39m   [90m// ==================== AUTO-FIX CALLBACKS ====================[39m
 [90m 88 |[39m
[31m[1m>[22m[39m[90m 89 |[39m   [36mconst[39m handleRemoveLastStudent [33m=[39m useCallback([36masync[39m (loadId[33m:[39m string) [33m=>[39m {
 [90m    |[39m                                                      [31m[1m^[22m[39m
 [90m 90 |[39m     [36mtry[39m {
 [90m 91 |[39m       [36mconst[39m lastAssignment [33m=[39m loadAssignments[loadAssignments[33m.[39mlength [33m-[39m [35m1[39m]
 [90m 92 |[39m       [36mif[39m ([33m![39mlastAssignment) [36mreturn[39m[0m
Next.js build worker exited with code: 1 and signal: null

> instructor-system-v2@0.1.0 build
> next build

   ▲ Next.js 15.5.5
   - Environments: .env.local

   Creating an optimized production build ...
 ✓ Compiled successfully in 2.8s
   Linting and checking validity of types ...
Failed to compile.

./src/components/LoadBuilderCard.tsx:130:58
Type error: 'loadId' is declared but its value is never read.

[0m [90m 128 |[39m   }[33m,[39m [loadAssignments[33m,[39m load[33m.[39mid[33m,[39m update[33m,[39m toast])
 [90m 129 |[39m
[31m[1m>[22m[39m[90m 130 |[39m   [36mconst[39m handleAutoAssignInstructors [33m=[39m useCallback([36masync[39m (loadId[33m:[39m string) [33m=>[39m {
 [90m     |[39m                                                          [31m[1m^[22m[39m
 [90m 131 |[39m     setShowEditModal([36mfalse[39m)
 [90m 132 |[39m     setShowAssignModal([36mtrue[39m)
 [90m 133 |[39m     toast[33m.[39minfo([32m'Opening auto-assign modal'[39m)[0m
Next.js build worker exited with code: 1 and signal: null

> instructor-system-v2@0.1.0 build
> next build

   ▲ Next.js 15.5.5
   - Environments: .env.local

   Creating an optimized production build ...
 ✓ Compiled successfully in 2.8s
   Linting and checking validity of types ...
   Collecting page data ...
   Generating static pages (0/14) ...
   Generating static pages (3/14) 
   Generating static pages (6/14) 
   Generating static pages (10/14) 
 ✓ Generating static pages (14/14)
   Finalizing page optimization ...
   Collecting build traces ...

Route (app)                                 Size  First Load JS
┌ ○ /                                      541 B         103 kB
├ ○ /_not-found                            996 B         103 kB
├ ○ /analytics                           2.62 kB         160 kB
├ ○ /assignments                         6.75 kB         164 kB
├ ○ /dashboard                           6.34 kB         164 kB
├ ○ /instructors                         4.94 kB         165 kB
├ ○ /loads                               18.4 kB         176 kB
├ ○ /notes                               2.39 kB         154 kB
├ ○ /queue                               12.4 kB         172 kB
├ ○ /settings                            5.79 kB         163 kB
└ ○ /test-shortcuts                      2.07 kB         104 kB
+ First Load JS shared by all             102 kB
  ├ chunks/255-839588e0f3decf6f.js       45.7 kB
  ├ chunks/4bd1b696-c023c6e3521b1417.js  54.2 kB
  └ other shared chunks (total)          1.99 kB


○  (Static)  prerendered as static content

