
> instructor-system-v2@0.1.0 build
> next build

 ⚠ Warning: Next.js inferred your workspace root, but it may not be correct.
 We detected multiple lockfiles and selected the directory of C:\Users\zbzac\package-lock.json as the root directory.
 To silence this warning, set `outputFileTracingRoot` in your Next.js config, or consider removing one of the lockfiles if it's not needed.
   See https://nextjs.org/docs/app/api-reference/config/next-config-js/output#caveats for more information.
 Detected additional lockfiles: 
   * C:\Users\zbzac\instructor-system-v2\package-lock.json

   ▲ Next.js 15.5.5
   - Environments: .env.local

   Creating an optimized production build ...
 ✓ Compiled successfully in 14.1s
   Linting and checking validity of types ...
Failed to compile.

./src/app/requests/page.tsx:224:9
Type error: 'getGroupMembers' is declared but its value is never read.

[0m [90m 222 |[39m
 [90m 223 |[39m   [90m// Get group members for a request[39m
[31m[1m>[22m[39m[90m 224 |[39m   [36mconst[39m getGroupMembers [33m=[39m (groupId[33m:[39m string [33m|[39m undefined) [33m=>[39m {
 [90m     |[39m         [31m[1m^[22m[39m
 [90m 225 |[39m     [36mif[39m ([33m![39mgroupId) [36mreturn[39m []
 [90m 226 |[39m     [36mreturn[39m requests[33m.[39mfilter(r [33m=>[39m r[33m.[39mgroupId [33m===[39m groupId)
 [90m 227 |[39m   }[0m
Next.js build worker exited with code: 1 and signal: null

> instructor-system-v2@0.1.0 build
> next build

 ⚠ Warning: Next.js inferred your workspace root, but it may not be correct.
 We detected multiple lockfiles and selected the directory of C:\Users\zbzac\package-lock.json as the root directory.
 To silence this warning, set `outputFileTracingRoot` in your Next.js config, or consider removing one of the lockfiles if it's not needed.
   See https://nextjs.org/docs/app/api-reference/config/next-config-js/output#caveats for more information.
 Detected additional lockfiles: 
   * C:\Users\zbzac\instructor-system-v2\package-lock.json

   ▲ Next.js 15.5.5
   - Environments: .env.local

   Creating an optimized production build ...
 ✓ Compiled successfully in 5.3s
   Linting and checking validity of types ...
Failed to compile.

./src/app/requests/page.tsx:367:26
Type error: 'request' is possibly 'undefined'.

[0m [90m 365 |[39m                 [36mreturn[39m (
 [90m 366 |[39m                   [33m<[39m[33mdiv[39m
[31m[1m>[22m[39m[90m 367 |[39m                     key[33m=[39m{request[33m.[39mid}
 [90m     |[39m                          [31m[1m^[22m[39m
 [90m 368 |[39m                     className[33m=[39m[32m"bg-slate-800/50 backdrop-blur-xl rounded-xl border border-white/10 p-6 hover:border-blue-500/50 transition-all cursor-pointer"[39m
 [90m 369 |[39m                     onClick[33m=[39m{() [33m=>[39m setSelectedRequest(request)}
 [90m 370 |[39m                   [33m>[39m[0m
Next.js build worker exited with code: 1 and signal: null

> instructor-system-v2@0.1.0 build
> next build

 ⚠ Warning: Next.js inferred your workspace root, but it may not be correct.
 We detected multiple lockfiles and selected the directory of C:\Users\zbzac\package-lock.json as the root directory.
 To silence this warning, set `outputFileTracingRoot` in your Next.js config, or consider removing one of the lockfiles if it's not needed.
   See https://nextjs.org/docs/app/api-reference/config/next-config-js/output#caveats for more information.
 Detected additional lockfiles: 
   * C:\Users\zbzac\instructor-system-v2\package-lock.json

   ▲ Next.js 15.5.5
   - Environments: .env.local

   Creating an optimized production build ...
 ✓ Compiled successfully in 4.3s
   Linting and checking validity of types ...
Failed to compile.

./src/app/requests/page.tsx:369:26
Type error: 'request' is possibly 'undefined'.

[0m [90m 367 |[39m                 [36mreturn[39m (
 [90m 368 |[39m                   [33m<[39m[33mdiv[39m
[31m[1m>[22m[39m[90m 369 |[39m                     key[33m=[39m{request[33m.[39mid}
 [90m     |[39m                          [31m[1m^[22m[39m
 [90m 370 |[39m                     className[33m=[39m[32m"bg-slate-800/50 backdrop-blur-xl rounded-xl border border-white/10 p-6 hover:border-blue-500/50 transition-all cursor-pointer"[39m
 [90m 371 |[39m                     onClick[33m=[39m{() [33m=>[39m setSelectedRequest(request)}
 [90m 372 |[39m                   [33m>[39m[0m
Next.js build worker exited with code: 1 and signal: null

> instructor-system-v2@0.1.0 build
> next build

 ⚠ Warning: Next.js inferred your workspace root, but it may not be correct.
 We detected multiple lockfiles and selected the directory of C:\Users\zbzac\package-lock.json as the root directory.
 To silence this warning, set `outputFileTracingRoot` in your Next.js config, or consider removing one of the lockfiles if it's not needed.
   See https://nextjs.org/docs/app/api-reference/config/next-config-js/output#caveats for more information.
 Detected additional lockfiles: 
   * C:\Users\zbzac\instructor-system-v2\package-lock.json

   ▲ Next.js 15.5.5
   - Environments: .env.local

   Creating an optimized production build ...
 ✓ Compiled successfully in 4.6s
   Linting and checking validity of types ...
Failed to compile.

./src/app/requests/page.tsx:481:31
Type error: 'firstRequest' is possibly 'undefined'.

[0m [90m 479 |[39m                             [33m<[39m[33m/[39m[33mdiv[39m[33m>[39m
 [90m 480 |[39m                             [33m<[39m[33mspan[39m className[33m=[39m{[32m`px-3 py-1 rounded-full text-xs font-semibold ${[39m
[31m[1m>[22m[39m[90m 481 |[39m [32m                              firstRequest.status === 'pending'[39m
 [90m     |[39m                               [31m[1m^[22m[39m
 [90m 482 |[39m [32m                                ? 'bg-orange-500/20 text-orange-300'[39m
 [90m 483 |[39m [32m                                : firstRequest.status === 'approved'[39m
 [90m 484 |[39m [32m                                ? 'bg-green-500/20 text-green-300'[39m[0m
Next.js build worker exited with code: 1 and signal: null

> instructor-system-v2@0.1.0 build
> next build

 ⚠ Warning: Next.js inferred your workspace root, but it may not be correct.
 We detected multiple lockfiles and selected the directory of C:\Users\zbzac\package-lock.json as the root directory.
 To silence this warning, set `outputFileTracingRoot` in your Next.js config, or consider removing one of the lockfiles if it's not needed.
   See https://nextjs.org/docs/app/api-reference/config/next-config-js/output#caveats for more information.
 Detected additional lockfiles: 
   * C:\Users\zbzac\instructor-system-v2\package-lock.json

   ▲ Next.js 15.5.5
   - Environments: .env.local

   Creating an optimized production build ...
 ✓ Compiled successfully in 5.0s
   Linting and checking validity of types ...
Failed to compile.

./src/app/requests/page.tsx:533:54
Type error: 'idx' is declared but its value is never read.

[0m [90m 531 |[39m                     [33m<[39m[33mdiv[39m className[33m=[39m[32m"border-t border-purple-500/20 bg-slate-900/30"[39m[33m>[39m
 [90m 532 |[39m                       [33m<[39m[33mdiv[39m className[33m=[39m[32m"p-4 space-y-3"[39m[33m>[39m
[31m[1m>[22m[39m[90m 533 |[39m                         {groupRequests[33m.[39mmap((request[33m,[39m idx) [33m=>[39m (
 [90m     |[39m                                                      [31m[1m^[22m[39m
 [90m 534 |[39m                           [33m<[39m[33mdiv[39m
 [90m 535 |[39m                             key[33m=[39m{request[33m.[39mid}
 [90m 536 |[39m                             className[33m=[39m[32m"bg-slate-800/50 rounded-lg p-4 border border-white/10"[39m[0m
Next.js build worker exited with code: 1 and signal: null

> instructor-system-v2@0.1.0 build
> next build

 ⚠ Warning: Next.js inferred your workspace root, but it may not be correct.
 We detected multiple lockfiles and selected the directory of C:\Users\zbzac\package-lock.json as the root directory.
 To silence this warning, set `outputFileTracingRoot` in your Next.js config, or consider removing one of the lockfiles if it's not needed.
   See https://nextjs.org/docs/app/api-reference/config/next-config-js/output#caveats for more information.
 Detected additional lockfiles: 
   * C:\Users\zbzac\instructor-system-v2\package-lock.json

   ▲ Next.js 15.5.5
   - Environments: .env.local

   Creating an optimized production build ...
 ✓ Compiled successfully in 4.8s
   Linting and checking validity of types ...
Failed to compile.

./src/components/LoadStats.tsx:19:3
Type error: 'totalPay' is declared but its value is never read.

[0m [90m 17 |[39m [36mexport[39m [36mfunction[39m [33mLoadStats[39m({
 [90m 18 |[39m   totalStudents[33m,[39m
[31m[1m>[22m[39m[90m 19 |[39m   totalPay[33m,[39m
 [90m    |[39m   [31m[1m^[22m[39m
 [90m 20 |[39m   totalPeople[33m,[39m
 [90m 21 |[39m   loadCapacity[33m,[39m
 [90m 22 |[39m   availableSlots[33m,[39m[0m
Next.js build worker exited with code: 1 and signal: null

> instructor-system-v2@0.1.0 build
> next build

 ⚠ Warning: Next.js inferred your workspace root, but it may not be correct.
 We detected multiple lockfiles and selected the directory of C:\Users\zbzac\package-lock.json as the root directory.
 To silence this warning, set `outputFileTracingRoot` in your Next.js config, or consider removing one of the lockfiles if it's not needed.
   See https://nextjs.org/docs/app/api-reference/config/next-config-js/output#caveats for more information.
 Detected additional lockfiles: 
   * C:\Users\zbzac\instructor-system-v2\package-lock.json

   ▲ Next.js 15.5.5
   - Environments: .env.local

   Creating an optimized production build ...
 ✓ Compiled successfully in 5.5s
   Linting and checking validity of types ...
Failed to compile.

./src/components/LoadBuilderCard.tsx:1059:11
Type error: Type '{ totalStudents: number; totalPay: number; totalPeople: number; loadCapacity: number; availableSlots: number; isOverCapacity: boolean; }' is not assignable to type 'IntrinsicAttributes & LoadStatsProps'.
  Property 'totalPay' does not exist on type 'IntrinsicAttributes & LoadStatsProps'.

[0m [90m 1057 |[39m         [33m<[39m[33mLoadStats[39m
 [90m 1058 |[39m           totalStudents[33m=[39m{totalStudents}
[31m[1m>[22m[39m[90m 1059 |[39m           totalPay[33m=[39m{totalPay}
 [90m      |[39m           [31m[1m^[22m[39m
 [90m 1060 |[39m           totalPeople[33m=[39m{totalPeople}
 [90m 1061 |[39m           loadCapacity[33m=[39m{loadCapacity}
 [90m 1062 |[39m           availableSlots[33m=[39m{availableSlots}[0m
Next.js build worker exited with code: 1 and signal: null

> instructor-system-v2@0.1.0 build
> next build

 ⚠ Warning: Next.js inferred your workspace root, but it may not be correct.
 We detected multiple lockfiles and selected the directory of C:\Users\zbzac\package-lock.json as the root directory.
 To silence this warning, set `outputFileTracingRoot` in your Next.js config, or consider removing one of the lockfiles if it's not needed.
   See https://nextjs.org/docs/app/api-reference/config/next-config-js/output#caveats for more information.
 Detected additional lockfiles: 
   * C:\Users\zbzac\instructor-system-v2\package-lock.json

   ▲ Next.js 15.5.5
   - Environments: .env.local

   Creating an optimized production build ...
 ✓ Compiled successfully in 4.9s
   Linting and checking validity of types ...
Failed to compile.

./src/components/LoadBuilderCard.tsx:109:9
Type error: 'totalPay' is declared but its value is never read.

[0m [90m 107 |[39m   
 [90m 108 |[39m   [90m// Calculate total pay[39m
[31m[1m>[22m[39m[90m 109 |[39m   [36mconst[39m totalPay [33m=[39m useMemo(() [33m=>[39m {
 [90m     |[39m         [31m[1m^[22m[39m
 [90m 110 |[39m     [36mreturn[39m loadAssignments[33m.[39mreduce((sum[33m,[39m assignment) [33m=>[39m {
 [90m 111 |[39m       [36mlet[39m pay [33m=[39m calculateAssignmentPay(assignment [36mas[39m any)
 [90m 112 |[39m       [36mif[39m (assignment[33m.[39mhasOutsideVideo) pay [33m+=[39m [33mPAY_RATES[39m[33m.[39m[33mVIDEO_INSTRUCTOR[39m[0m
Next.js build worker exited with code: 1 and signal: null

> instructor-system-v2@0.1.0 build
> next build

 ⚠ Warning: Next.js inferred your workspace root, but it may not be correct.
 We detected multiple lockfiles and selected the directory of C:\Users\zbzac\package-lock.json as the root directory.
 To silence this warning, set `outputFileTracingRoot` in your Next.js config, or consider removing one of the lockfiles if it's not needed.
   See https://nextjs.org/docs/app/api-reference/config/next-config-js/output#caveats for more information.
 Detected additional lockfiles: 
   * C:\Users\zbzac\instructor-system-v2\package-lock.json

   ▲ Next.js 15.5.5
   - Environments: .env.local

   Creating an optimized production build ...
 ✓ Compiled successfully in 6.0s
   Linting and checking validity of types ...
Failed to compile.

./src/components/LoadBuilderCard.tsx:19:1
Type error: 'calculateAssignmentPay' is declared but its value is never read.

[0m [90m 17 |[39m [36mimport[39m { useToast } [36mfrom[39m [32m'@/contexts/ToastContext'[39m
 [90m 18 |[39m [36mimport[39m { useLoadBuilder } [36mfrom[39m [32m'@/contexts/LoadBuilderContext'[39m
[31m[1m>[22m[39m[90m 19 |[39m [36mimport[39m { calculateAssignmentPay } [36mfrom[39m [32m'@/lib/utils'[39m
 [90m    |[39m [31m[1m^[22m[39m
 [90m 20 |[39m [36mimport[39m { [33mPAY_RATES[39m } [36mfrom[39m [32m'@/lib/constants'[39m
 [90m 21 |[39m [36mimport[39m { db } [36mfrom[39m [32m'@/services'[39m
 [90m 22 |[39m [36mimport[39m { [33mAssignInstructorsModal[39m } [36mfrom[39m [32m'./AssignInstructorsModal'[39m[0m
Next.js build worker exited with code: 1 and signal: null

> instructor-system-v2@0.1.0 build
> next build

 ⚠ Warning: Next.js inferred your workspace root, but it may not be correct.
 We detected multiple lockfiles and selected the directory of C:\Users\zbzac\package-lock.json as the root directory.
 To silence this warning, set `outputFileTracingRoot` in your Next.js config, or consider removing one of the lockfiles if it's not needed.
   See https://nextjs.org/docs/app/api-reference/config/next-config-js/output#caveats for more information.
 Detected additional lockfiles: 
   * C:\Users\zbzac\instructor-system-v2\package-lock.json

   ▲ Next.js 15.5.5
   - Environments: .env.local

   Creating an optimized production build ...
 ✓ Compiled successfully in 4.6s
   Linting and checking validity of types ...
   Collecting page data ...
   Generating static pages (0/22) ...
   Generating static pages (5/22) 
   Generating static pages (10/22) 
   Generating static pages (16/22) 
 ✓ Generating static pages (22/22)
   Finalizing page optimization ...
   Collecting build traces ...

Route (app)                                 Size  First Load JS
┌ ○ /                                      635 B         183 kB
├ ○ /_not-found                             1 kB         103 kB
├ ○ /analytics                           2.69 kB         191 kB
├ ƒ /api/send-push                         127 B         102 kB
├ ○ /assignments                         4.96 kB         193 kB
├ ○ /dashboard                            4.5 kB         193 kB
├ ○ /instructors                         4.56 kB         193 kB
├ ○ /loads                               20.3 kB         208 kB
├ ○ /login                               4.49 kB         187 kB
├ ○ /messages                            4.88 kB         191 kB
├ ○ /my-requests                         3.73 kB         189 kB
├ ○ /notes                               1.38 kB         184 kB
├ ○ /queue                               6.84 kB         195 kB
├ ○ /register                            4.75 kB         187 kB
├ ○ /requests                            4.39 kB         190 kB
├ ○ /settings                            5.88 kB         194 kB
├ ○ /submit-request                      3.48 kB         193 kB
├ ○ /test-shortcuts                      2.07 kB         104 kB
└ ○ /users                               4.21 kB         190 kB
+ First Load JS shared by all             102 kB
  ├ chunks/1255-ba098675cb6696ab.js      45.7 kB
  ├ chunks/4bd1b696-f785427dddbba9fb.js  54.2 kB
  └ other shared chunks (total)          2.33 kB


○  (Static)   prerendered as static content
ƒ  (Dynamic)  server-rendered on demand

