
> instructor-system-v2@0.1.0 build
> next build

   ▲ Next.js 15.5.5
   - Environments: .env.local

   Creating an optimized production build ...
 ✓ Compiled successfully in 8.8s
   Linting and checking validity of types ...
   Collecting page data ...
   Generating static pages (0/14) ...
   Generating static pages (3/14) 
   Generating static pages (6/14) 
   Generating static pages (10/14) 
 ✓ Generating static pages (14/14)
   Finalizing page optimization ...
   Collecting build traces ...

Route (app)                                 Size  First Load JS
┌ ○ /                                      541 B         103 kB
├ ○ /_not-found                            996 B         103 kB
├ ○ /analytics                           2.62 kB         160 kB
├ ○ /assignments                         6.75 kB         164 kB
├ ○ /dashboard                           6.34 kB         164 kB
├ ○ /instructors                         4.94 kB         165 kB
├ ○ /loads                               18.7 kB         176 kB
├ ○ /notes                               2.39 kB         154 kB
├ ○ /queue                               12.4 kB         172 kB
├ ○ /settings                            5.79 kB         163 kB
└ ○ /test-shortcuts                      2.07 kB         104 kB
+ First Load JS shared by all             102 kB
  ├ chunks/255-839588e0f3decf6f.js       45.7 kB
  ├ chunks/4bd1b696-c023c6e3521b1417.js  54.2 kB
  └ other shared chunks (total)          1.99 kB


○  (Static)  prerendered as static content

