
> instructor-system-v2@0.1.0 build
> next build

   ▲ Next.js 15.5.5
   - Environments: .env.local

   Creating an optimized production build ...
 ✓ Compiled successfully in 3.2s
   Linting and checking validity of types ...
Failed to compile.

./src/lib/utils.ts:204:11
Type error: Type 'number' is not assignable to type '45'.

[0m [90m 202 |[39m         [90m// Apply off-day multiplier if working on scheduled off day[39m
 [90m 203 |[39m         [36mif[39m (isWorkingOffDay(instructor[33m,[39m [36mnew[39m [33mDate[39m())) {
[31m[1m>[22m[39m[90m 204 |[39m           videoPay [33m=[39m [33mMath[39m[33m.[39mround(videoPay [33m*[39m [33mPAY_RATES[39m[33m.[39m[33mOFF_DAY_MULTIPLIER[39m)
 [90m     |[39m           [31m[1m^[22m[39m
 [90m 205 |[39m         }
 [90m 206 |[39m
 [90m 207 |[39m         total [33m+=[39m videoPay[0m
Next.js build worker exited with code: 1 and signal: null

> instructor-system-v2@0.1.0 build
> next build

   ▲ Next.js 15.5.5
   - Environments: .env.local

   Creating an optimized production build ...
 ✓ Compiled successfully in 2.5s
   Linting and checking validity of types ...
   Collecting page data ...
   Generating static pages (0/14) ...
   Generating static pages (3/14) 
   Generating static pages (6/14) 
   Generating static pages (10/14) 
 ✓ Generating static pages (14/14)
   Finalizing page optimization ...
   Collecting build traces ...

Route (app)                                 Size  First Load JS
┌ ○ /                                      541 B         103 kB
├ ○ /_not-found                            996 B         103 kB
├ ○ /analytics                           3.62 kB         159 kB
├ ○ /assignments                         7.76 kB         163 kB
├ ○ /dashboard                           4.57 kB         164 kB
├ ○ /instructors                         4.88 kB         164 kB
├ ○ /loads                               12.9 kB         171 kB
├ ○ /notes                               2.39 kB         153 kB
├ ○ /queue                                 14 kB         169 kB
├ ○ /settings                            4.63 kB         163 kB
└ ○ /test-shortcuts                      2.07 kB         104 kB
+ First Load JS shared by all             102 kB
  ├ chunks/255-839588e0f3decf6f.js       45.7 kB
  ├ chunks/4bd1b696-c023c6e3521b1417.js  54.2 kB
  └ other shared chunks (total)          1.99 kB


○  (Static)  prerendered as static content

