
> instructor-system-v2@0.1.0 build
> next build

   ▲ Next.js 15.5.5
   - Environments: .env.local

   Creating an optimized production build ...
 ✓ Compiled successfully in 4.0s
   Linting and checking validity of types ...
   Collecting page data ...
   Generating static pages (0/20) ...
   Generating static pages (5/20) 
   Generating static pages (10/20) 
   Generating static pages (15/20) 
 ✓ Generating static pages (20/20)
   Finalizing page optimization ...
   Collecting build traces ...

Route (app)                                 Size  First Load JS
┌ ○ /                                      526 B         182 kB
├ ○ /_not-found                            996 B         103 kB
├ ○ /analytics                           2.67 kB         190 kB
├ ○ /assignments                         6.08 kB         194 kB
├ ○ /dashboard                           5.71 kB         193 kB
├ ○ /instructors                         5.95 kB         193 kB
├ ○ /loads                               19.8 kB         207 kB
├ ○ /login                               4.46 kB         186 kB
├ ○ /my-requests                         2.21 kB         187 kB
├ ○ /notes                               1.37 kB         183 kB
├ ○ /queue                               13.5 kB         201 kB
├ ○ /register                            4.65 kB         187 kB
├ ○ /requests                            3.49 kB         188 kB
├ ○ /settings                             5.1 kB         193 kB
├ ○ /submit-request                       2.8 kB         188 kB
├ ○ /test-shortcuts                      2.07 kB         104 kB
└ ○ /users                               5.43 kB         191 kB
+ First Load JS shared by all             102 kB
  ├ chunks/255-839588e0f3decf6f.js       45.7 kB
  ├ chunks/4bd1b696-c023c6e3521b1417.js  54.2 kB
  └ other shared chunks (total)          1.99 kB


○  (Static)  prerendered as static content

