
> instructor-system-v2@0.1.0 build
> next build

 ⚠ Warning: Next.js inferred your workspace root, but it may not be correct.
 We detected multiple lockfiles and selected the directory of C:\Users\zbzac\package-lock.json as the root directory.
 To silence this warning, set `outputFileTracingRoot` in your Next.js config, or consider removing one of the lockfiles if it's not needed.
   See https://nextjs.org/docs/app/api-reference/config/next-config-js/output#caveats for more information.
 Detected additional lockfiles: 
   * C:\Users\zbzac\instructor-system-v2\package-lock.json

   ▲ Next.js 15.5.5
   - Environments: .env.local

   Creating an optimized production build ...
 ✓ Compiled successfully in 6.0s
   Linting and checking validity of types ...
Failed to compile.

./src/app/analytics/page.tsx:222:45
Type error: Argument of type 'Map<string, { totalJumps: number; tandemJumps: number; affJumps: number; missedJumps: number; timesCovered: number; balance: number; totalEarnings: number; }>' is not assignable to parameter of type 'Map<string, InstructorStats>'.
  Type '{ totalJumps: number; tandemJumps: number; affJumps: number; missedJumps: number; timesCovered: number; balance: number; totalEarnings: number; }' is missing the following properties from type 'InstructorStats': tandemCount, affCount, videoCount, balanceEarnings, avgPerJump

[0m [90m 220 |[39m       ])
 [90m 221 |[39m     )
[31m[1m>[22m[39m[90m 222 |[39m     exportInstructorStatsToCSV(instructors[33m,[39m statsMap[33m,[39m period[33m.[39mname)
 [90m     |[39m                                             [31m[1m^[22m[39m
 [90m 223 |[39m   }
 [90m 224 |[39m
 [90m 225 |[39m   [36mconst[39m handleExportPeriodSummary [33m=[39m () [33m=>[39m {[0m
Next.js build worker exited with code: 1 and signal: null

> instructor-system-v2@0.1.0 build
> next build

 ⚠ Warning: Next.js inferred your workspace root, but it may not be correct.
 We detected multiple lockfiles and selected the directory of C:\Users\zbzac\package-lock.json as the root directory.
 To silence this warning, set `outputFileTracingRoot` in your Next.js config, or consider removing one of the lockfiles if it's not needed.
   See https://nextjs.org/docs/app/api-reference/config/next-config-js/output#caveats for more information.
 Detected additional lockfiles: 
   * C:\Users\zbzac\instructor-system-v2\package-lock.json

   ▲ Next.js 15.5.5
   - Environments: .env.local

   Creating an optimized production build ...
 ✓ Compiled successfully in 5.6s
   Linting and checking validity of types ...
Failed to compile.

./src/app/analytics/page.tsx:234:9
Type error: Object literal may only specify known properties, and 'tandemJumps' does not exist in type 'PeriodStats'.

[0m [90m 232 |[39m       {
 [90m 233 |[39m         totalJumps[33m:[39m stats[33m.[39mtotalJumps[33m,[39m
[31m[1m>[22m[39m[90m 234 |[39m         tandemJumps[33m:[39m stats[33m.[39mtandemCount[33m,[39m
 [90m     |[39m         [31m[1m^[22m[39m
 [90m 235 |[39m         affJumps[33m:[39m stats[33m.[39maffCount[33m,[39m
 [90m 236 |[39m         missedJumps[33m:[39m stats[33m.[39mmissedJumps[33m,[39m
 [90m 237 |[39m         totalEarnings[33m:[39m stats[33m.[39mtotalEarnings[33m,[39m[0m
Next.js build worker exited with code: 1 and signal: null

> instructor-system-v2@0.1.0 build
> next build

 ⚠ Warning: Next.js inferred your workspace root, but it may not be correct.
 We detected multiple lockfiles and selected the directory of C:\Users\zbzac\package-lock.json as the root directory.
 To silence this warning, set `outputFileTracingRoot` in your Next.js config, or consider removing one of the lockfiles if it's not needed.
   See https://nextjs.org/docs/app/api-reference/config/next-config-js/output#caveats for more information.
 Detected additional lockfiles: 
   * C:\Users\zbzac\instructor-system-v2\package-lock.json

   ▲ Next.js 15.5.5
   - Environments: .env.local

   Creating an optimized production build ...
 ✓ Compiled successfully in 5.7s
   Linting and checking validity of types ...
Failed to compile.

./src/lib/exportUtils.ts:75:23
Type error: Property 'tandemJumps' does not exist on type 'InstructorStats | { totalJumps: number; tandemJumps: number; affJumps: number; missedJumps: number; timesCovered: number; balance: number; totalEarnings: number; }'.
  Property 'tandemJumps' does not exist on type 'InstructorStats'.

[0m [90m 73 |[39m       instructor[33m.[39mteam [33m||[39m [32m'N/A'[39m[33m,[39m
 [90m 74 |[39m       instructorStats[33m.[39mtotalJumps[33m.[39mtoString()[33m,[39m
[31m[1m>[22m[39m[90m 75 |[39m       instructorStats[33m.[39mtandemJumps[33m.[39mtoString()[33m,[39m
 [90m    |[39m                       [31m[1m^[22m[39m
 [90m 76 |[39m       instructorStats[33m.[39maffJumps[33m.[39mtoString()[33m,[39m
 [90m 77 |[39m       instructorStats[33m.[39mmissedJumps[33m.[39mtoString()[33m,[39m
 [90m 78 |[39m       instructorStats[33m.[39mtimesCovered[33m.[39mtoString()[33m,[39m[0m
Next.js build worker exited with code: 1 and signal: null

> instructor-system-v2@0.1.0 build
> next build

 ⚠ Warning: Next.js inferred your workspace root, but it may not be correct.
 We detected multiple lockfiles and selected the directory of C:\Users\zbzac\package-lock.json as the root directory.
 To silence this warning, set `outputFileTracingRoot` in your Next.js config, or consider removing one of the lockfiles if it's not needed.
   See https://nextjs.org/docs/app/api-reference/config/next-config-js/output#caveats for more information.
 Detected additional lockfiles: 
   * C:\Users\zbzac\instructor-system-v2\package-lock.json

   ▲ Next.js 15.5.5
   - Environments: .env.local

   Creating an optimized production build ...
 ✓ Compiled successfully in 5.4s
   Linting and checking validity of types ...
Failed to compile.

./src/lib/exportUtils.ts:83:23
Type error: Property 'timesCovered' does not exist on type 'InstructorStats | { totalJumps: number; tandemCount: number; tandemJumps: number; affCount: number; affJumps: number; videoCount: number; missedJumps: number; timesCovered: number; balance: number; balanceEarnings: number; totalEarnings: number; avgPerJump: number; }'.
  Property 'timesCovered' does not exist on type 'InstructorStats'.

[0m [90m 81 |[39m       instructorStats[33m.[39maffCount[33m.[39mtoString()[33m,[39m
 [90m 82 |[39m       instructorStats[33m.[39mmissedJumps[33m.[39mtoString()[33m,[39m
[31m[1m>[22m[39m[90m 83 |[39m       instructorStats[33m.[39mtimesCovered[33m.[39mtoString()[33m,[39m
 [90m    |[39m                       [31m[1m^[22m[39m
 [90m 84 |[39m       instructorStats[33m.[39mbalanceEarnings[33m.[39mtoString()[33m,[39m
 [90m 85 |[39m       [32m`$${instructorStats.totalEarnings.toFixed(2)}`[39m
 [90m 86 |[39m     ][0m
Next.js build worker exited with code: 1 and signal: null

> instructor-system-v2@0.1.0 build
> next build

 ⚠ Warning: Next.js inferred your workspace root, but it may not be correct.
 We detected multiple lockfiles and selected the directory of C:\Users\zbzac\package-lock.json as the root directory.
 To silence this warning, set `outputFileTracingRoot` in your Next.js config, or consider removing one of the lockfiles if it's not needed.
   See https://nextjs.org/docs/app/api-reference/config/next-config-js/output#caveats for more information.
 Detected additional lockfiles: 
   * C:\Users\zbzac\instructor-system-v2\package-lock.json

   ▲ Next.js 15.5.5
   - Environments: .env.local

   Creating an optimized production build ...
 ✓ Compiled successfully in 5.5s
   Linting and checking validity of types ...
Failed to compile.

./src/lib/exportUtils.ts:126:3
Type error: 'stats' is declared but its value is never read.

[0m [90m 124 |[39m [36mexport[39m [36mfunction[39m exportDetailedInstructorReportToCSV(
 [90m 125 |[39m   instructor[33m:[39m [33mInstructor[39m[33m,[39m
[31m[1m>[22m[39m[90m 126 |[39m   stats[33m:[39m [33mInstructorStats[39m[33m,[39m
 [90m     |[39m   [31m[1m^[22m[39m
 [90m 127 |[39m   assignments[33m:[39m any[] [90m// Assignment history[39m
 [90m 128 |[39m ) {
 [90m 129 |[39m   [36mconst[39m headers [33m=[39m [[0m
Next.js build worker exited with code: 1 and signal: null

> instructor-system-v2@0.1.0 build
> next build

 ⚠ Warning: Next.js inferred your workspace root, but it may not be correct.
 We detected multiple lockfiles and selected the directory of C:\Users\zbzac\package-lock.json as the root directory.
 To silence this warning, set `outputFileTracingRoot` in your Next.js config, or consider removing one of the lockfiles if it's not needed.
   See https://nextjs.org/docs/app/api-reference/config/next-config-js/output#caveats for more information.
 Detected additional lockfiles: 
   * C:\Users\zbzac\instructor-system-v2\package-lock.json

   ▲ Next.js 15.5.5
   - Environments: .env.local

   Creating an optimized production build ...
 ✓ Compiled successfully in 5.2s
   Linting and checking validity of types ...
   Collecting page data ...
   Generating static pages (0/22) ...
   Generating static pages (5/22) 
   Generating static pages (10/22) 
   Generating static pages (16/22) 
 ✓ Generating static pages (22/22)
   Finalizing page optimization ...
   Collecting build traces ...

Route (app)                                 Size  First Load JS
┌ ○ /                                      635 B         183 kB
├ ○ /_not-found                             1 kB         103 kB
├ ○ /analytics                           3.54 kB         192 kB
├ ƒ /api/send-push                         127 B         102 kB
├ ○ /assignments                         4.96 kB         193 kB
├ ○ /dashboard                            4.5 kB         193 kB
├ ○ /instructors                         4.56 kB         193 kB
├ ○ /loads                               20.4 kB         208 kB
├ ○ /login                               4.49 kB         187 kB
├ ○ /messages                            4.88 kB         191 kB
├ ○ /my-requests                         3.73 kB         189 kB
├ ○ /notes                               1.38 kB         184 kB
├ ○ /queue                               6.84 kB         195 kB
├ ○ /register                            4.75 kB         187 kB
├ ○ /requests                            4.39 kB         190 kB
├ ○ /settings                            5.88 kB         194 kB
├ ○ /submit-request                      3.48 kB         193 kB
├ ○ /test-shortcuts                      2.07 kB         104 kB
└ ○ /users                               4.21 kB         190 kB
+ First Load JS shared by all             102 kB
  ├ chunks/1255-ba098675cb6696ab.js      45.7 kB
  ├ chunks/4bd1b696-f785427dddbba9fb.js  54.2 kB
  └ other shared chunks (total)          2.33 kB


○  (Static)   prerendered as static content
ƒ  (Dynamic)  server-rendered on demand

