
> instructor-system-v2@0.1.0 build
> next build

   ▲ Next.js 15.5.5
   - Environments: .env.local

   Creating an optimized production build ...
 ⚠ Compiled with warnings in 1735ms

./src/app/my-requests/page.tsx
Attempted import error: 'database' is not exported from '@/services/firebase' (imported as 'database').

Import trace for requested module:
./src/app/my-requests/page.tsx

./src/app/my-requests/page.tsx
Attempted import error: 'database' is not exported from '@/services/firebase' (imported as 'database').

Import trace for requested module:
./src/app/my-requests/page.tsx

 ⚠ Compiled with warnings in 2.1s

./src/app/my-requests/page.tsx
Attempted import error: 'database' is not exported from '@/services/firebase' (imported as 'database').

Import trace for requested module:
./src/app/my-requests/page.tsx

./src/app/my-requests/page.tsx
Attempted import error: 'database' is not exported from '@/services/firebase' (imported as 'database').

Import trace for requested module:
./src/app/my-requests/page.tsx

 ✓ Compiled successfully in 4.0s
   Linting and checking validity of types ...
Failed to compile.

./src/app/my-requests/page.tsx:12:10
Type error: Module '"@/services/firebase"' declares 'database' locally, but it is not exported.

[0m [90m 10 |[39m [36mimport[39m { [33mRequireAuth[39m } [36mfrom[39m [32m'@/components/auth'[39m
 [90m 11 |[39m [36mimport[39m { useLoadCountdown } [36mfrom[39m [32m'@/hooks/useLoadCountdown'[39m
[31m[1m>[22m[39m[90m 12 |[39m [36mimport[39m { database } [36mfrom[39m [32m'@/services/firebase'[39m
 [90m    |[39m          [31m[1m^[22m[39m
 [90m 13 |[39m [36mimport[39m type { [33mRequestStatus[39m[33m,[39m [33mSkyDiveType[39m[33m,[39m [33mLoad[39m[33m,[39m [33mLoadSchedulingSettings[39m } [36mfrom[39m [32m'@/types'[39m
 [90m 14 |[39m
 [90m 15 |[39m [36mconst[39m [33mSTATUS_CONFIG[39m[33m:[39m [33mRecord[39m[33m<[39m[33mRequestStatus[39m[33m,[39m { label[33m:[39m string[33m;[39m color[33m:[39m string[33m;[39m bgColor[33m:[39m string }[33m>[39m [33m=[39m {[0m
Next.js build worker exited with code: 1 and signal: null

> instructor-system-v2@0.1.0 build
> next build

   ▲ Next.js 15.5.5
   - Environments: .env.local

   Creating an optimized production build ...
 ✓ Compiled successfully in 3.5s
   Linting and checking validity of types ...
Failed to compile.

./src/app/my-requests/page.tsx:116:68
Type error: Argument of type '{ minutesBetweenLoads: number; instructorCycleTime: number; }' is not assignable to parameter of type 'LoadSchedulingSettings | (() => LoadSchedulingSettings)'.
  Property 'defaultPlaneCapacity' is missing in type '{ minutesBetweenLoads: number; instructorCycleTime: number; }' but required in type 'LoadSchedulingSettings'.

[0m [90m 114 |[39m   [36mconst[39m { data[33m:[39m requests[33m,[39m loading[33m,[39m error[33m,[39m refresh } [33m=[39m useMyRequests()
 [90m 115 |[39m   [36mconst[39m [loads[33m,[39m setLoads] [33m=[39m useState[33m<[39m[33mLoad[39m[][33m>[39m([])
[31m[1m>[22m[39m[90m 116 |[39m   [36mconst[39m [settings[33m,[39m setSettings] [33m=[39m useState[33m<[39m[33mLoadSchedulingSettings[39m[33m>[39m({
 [90m     |[39m                                                                    [31m[1m^[22m[39m
 [90m 117 |[39m     minutesBetweenLoads[33m:[39m [35m20[39m[33m,[39m
 [90m 118 |[39m     instructorCycleTime[33m:[39m [35m40[39m
 [90m 119 |[39m   })[0m
Next.js build worker exited with code: 1 and signal: null

> instructor-system-v2@0.1.0 build
> next build

   ▲ Next.js 15.5.5
   - Environments: .env.local

   Creating an optimized production build ...
 ✓ Compiled successfully in 3.2s
   Linting and checking validity of types ...
   Collecting page data ...
   Generating static pages (0/20) ...
   Generating static pages (5/20) 
   Generating static pages (10/20) 
   Generating static pages (15/20) 
 ✓ Generating static pages (20/20)
   Finalizing page optimization ...
   Collecting build traces ...

Route (app)                                 Size  First Load JS
┌ ○ /                                      630 B         182 kB
├ ○ /_not-found                            996 B         103 kB
├ ○ /analytics                           2.68 kB         190 kB
├ ○ /assignments                         6.09 kB         194 kB
├ ○ /dashboard                           5.71 kB         193 kB
├ ○ /instructors                         5.96 kB         193 kB
├ ○ /loads                               19.7 kB         207 kB
├ ○ /login                               4.46 kB         186 kB
├ ○ /my-requests                         3.54 kB         188 kB
├ ○ /notes                               1.38 kB         183 kB
├ ○ /queue                               13.5 kB         201 kB
├ ○ /register                            4.65 kB         187 kB
├ ○ /requests                            3.85 kB         189 kB
├ ○ /settings                             5.1 kB         193 kB
├ ○ /submit-request                       2.8 kB         188 kB
├ ○ /test-shortcuts                      2.07 kB         104 kB
└ ○ /users                               5.43 kB         191 kB
+ First Load JS shared by all             102 kB
  ├ chunks/255-839588e0f3decf6f.js       45.7 kB
  ├ chunks/4bd1b696-c023c6e3521b1417.js  54.2 kB
  └ other shared chunks (total)          1.99 kB


○  (Static)  prerendered as static content

